Analysis & Synthesis report for UART
Fri Nov 29 12:28:31 2019
Quartus II 64-Bit Version 13.0.1 Build 232 06/12/2013 Service Pack 1 SJ Full Version


---------------------
; Table of Contents ;
---------------------
  1. Legal Notice
  2. Analysis & Synthesis Summary
  3. Analysis & Synthesis Settings
  4. Parallel Compilation
  5. Analysis & Synthesis Source Files Read
  6. Analysis & Synthesis Resource Usage Summary
  7. Analysis & Synthesis Resource Utilization by Entity
  8. State Machine - |UART|ControllerReciever:inst1|pstate
  9. State Machine - |UART|debouncer:inst11|pstate
 10. State Machine - |UART|irdaTxD:inst16|pstate
 11. Registers Removed During Synthesis
 12. Removed Registers Triggering Further Register Optimizations
 13. General Register Statistics
 14. Inverted Register Statistics
 15. Multiplexer Restructuring Statistics (Restructuring Performed)
 16. Parameter Settings for User Entity Instance: irdaTxD:inst16
 17. Parameter Settings for User Entity Instance: Controller:inst
 18. Parameter Settings for User Entity Instance: BitCounter:inst4
 19. Parameter Settings for User Entity Instance: BaudCounter:inst5
 20. Parameter Settings for User Entity Instance: debouncer:inst11
 21. Parameter Settings for User Entity Instance: BaudCounter:inst15
 22. Parameter Settings for User Entity Instance: ShiftReg:inst2
 23. Parameter Settings for User Entity Instance: Parity:inst3
 24. Parameter Settings for User Entity Instance: DeShiftReg:inst10
 25. Parameter Settings for User Entity Instance: ControllerReciever:inst1
 26. Parameter Settings for User Entity Instance: BaudCounter:inst13
 27. Parameter Settings for User Entity Instance: BaudCounter:inst14
 28. Parameter Settings for User Entity Instance: BitCounter:inst12
 29. Elapsed Time Per Partition
 30. Analysis & Synthesis Messages



----------------
; Legal Notice ;
----------------
Copyright (C) 1991-2013 Altera Corporation
Your use of Altera Corporation's design tools, logic functions 
and other software and tools, and its AMPP partner logic 
functions, and any output files from any of the foregoing 
(including device programming or simulation files), and any 
associated documentation or information are expressly subject 
to the terms and conditions of the Altera Program License 
Subscription Agreement, Altera MegaCore Function License 
Agreement, or other applicable license agreement, including, 
without limitation, that your use is for the sole purpose of 
programming logic devices manufactured by Altera and sold by 
Altera or its authorized distributors.  Please refer to the 
applicable agreement for further details.



+---------------------------------------------------------------------------------------+
; Analysis & Synthesis Summary                                                          ;
+------------------------------------+--------------------------------------------------+
; Analysis & Synthesis Status        ; Successful - Fri Nov 29 12:28:31 2019            ;
; Quartus II 64-Bit Version          ; 13.0.1 Build 232 06/12/2013 SP 1 SJ Full Version ;
; Revision Name                      ; UART                                             ;
; Top-level Entity Name              ; UART                                             ;
; Family                             ; Cyclone II                                       ;
; Total logic elements               ; 154                                              ;
;     Total combinational functions  ; 143                                              ;
;     Dedicated logic registers      ; 82                                               ;
; Total registers                    ; 82                                               ;
; Total pins                         ; 28                                               ;
; Total virtual pins                 ; 0                                                ;
; Total memory bits                  ; 0                                                ;
; Embedded Multiplier 9-bit elements ; 0                                                ;
; Total PLLs                         ; 0                                                ;
+------------------------------------+--------------------------------------------------+


+----------------------------------------------------------------------------------------------------------------------+
; Analysis & Synthesis Settings                                                                                        ;
+----------------------------------------------------------------------------+--------------------+--------------------+
; Option                                                                     ; Setting            ; Default Value      ;
+----------------------------------------------------------------------------+--------------------+--------------------+
; Device                                                                     ; EP2C35F672C6       ;                    ;
; Top-level entity name                                                      ; UART               ; UART               ;
; Family name                                                                ; Cyclone II         ; Cyclone IV GX      ;
; Use smart compilation                                                      ; Off                ; Off                ;
; Enable parallel Assembler and TimeQuest Timing Analyzer during compilation ; On                 ; On                 ;
; Enable compact report table                                                ; Off                ; Off                ;
; Restructure Multiplexers                                                   ; Auto               ; Auto               ;
; Create Debugging Nodes for IP Cores                                        ; Off                ; Off                ;
; Preserve fewer node names                                                  ; On                 ; On                 ;
; Disable OpenCore Plus hardware evaluation                                  ; Off                ; Off                ;
; Verilog Version                                                            ; Verilog_2001       ; Verilog_2001       ;
; VHDL Version                                                               ; VHDL_1993          ; VHDL_1993          ;
; State Machine Processing                                                   ; Auto               ; Auto               ;
; Safe State Machine                                                         ; Off                ; Off                ;
; Extract Verilog State Machines                                             ; On                 ; On                 ;
; Extract VHDL State Machines                                                ; On                 ; On                 ;
; Ignore Verilog initial constructs                                          ; Off                ; Off                ;
; Iteration limit for constant Verilog loops                                 ; 5000               ; 5000               ;
; Iteration limit for non-constant Verilog loops                             ; 250                ; 250                ;
; Add Pass-Through Logic to Inferred RAMs                                    ; On                 ; On                 ;
; Infer RAMs from Raw Logic                                                  ; On                 ; On                 ;
; Parallel Synthesis                                                         ; On                 ; On                 ;
; DSP Block Balancing                                                        ; Auto               ; Auto               ;
; NOT Gate Push-Back                                                         ; On                 ; On                 ;
; Power-Up Don't Care                                                        ; On                 ; On                 ;
; Remove Redundant Logic Cells                                               ; Off                ; Off                ;
; Remove Duplicate Registers                                                 ; On                 ; On                 ;
; Ignore CARRY Buffers                                                       ; Off                ; Off                ;
; Ignore CASCADE Buffers                                                     ; Off                ; Off                ;
; Ignore GLOBAL Buffers                                                      ; Off                ; Off                ;
; Ignore ROW GLOBAL Buffers                                                  ; Off                ; Off                ;
; Ignore LCELL Buffers                                                       ; Off                ; Off                ;
; Ignore SOFT Buffers                                                        ; On                 ; On                 ;
; Limit AHDL Integers to 32 Bits                                             ; Off                ; Off                ;
; Optimization Technique                                                     ; Balanced           ; Balanced           ;
; Carry Chain Length                                                         ; 70                 ; 70                 ;
; Auto Carry Chains                                                          ; On                 ; On                 ;
; Auto Open-Drain Pins                                                       ; On                 ; On                 ;
; Perform WYSIWYG Primitive Resynthesis                                      ; Off                ; Off                ;
; Auto ROM Replacement                                                       ; On                 ; On                 ;
; Auto RAM Replacement                                                       ; On                 ; On                 ;
; Auto Shift Register Replacement                                            ; Auto               ; Auto               ;
; Allow Shift Register Merging across Hierarchies                            ; Auto               ; Auto               ;
; Auto Clock Enable Replacement                                              ; On                 ; On                 ;
; Strict RAM Replacement                                                     ; Off                ; Off                ;
; Allow Synchronous Control Signals                                          ; On                 ; On                 ;
; Force Use of Synchronous Clear Signals                                     ; Off                ; Off                ;
; Auto RAM to Logic Cell Conversion                                          ; Off                ; Off                ;
; Auto Resource Sharing                                                      ; Off                ; Off                ;
; Allow Any RAM Size For Recognition                                         ; Off                ; Off                ;
; Allow Any ROM Size For Recognition                                         ; Off                ; Off                ;
; Allow Any Shift Register Size For Recognition                              ; Off                ; Off                ;
; Use LogicLock Constraints during Resource Balancing                        ; On                 ; On                 ;
; Ignore translate_off and synthesis_off directives                          ; Off                ; Off                ;
; Timing-Driven Synthesis                                                    ; Off                ; Off                ;
; Report Parameter Settings                                                  ; On                 ; On                 ;
; Report Source Assignments                                                  ; On                 ; On                 ;
; Report Connectivity Checks                                                 ; On                 ; On                 ;
; Ignore Maximum Fan-Out Assignments                                         ; Off                ; Off                ;
; Synchronization Register Chain Length                                      ; 2                  ; 2                  ;
; PowerPlay Power Optimization                                               ; Normal compilation ; Normal compilation ;
; HDL message level                                                          ; Level2             ; Level2             ;
; Suppress Register Optimization Related Messages                            ; Off                ; Off                ;
; Number of Removed Registers Reported in Synthesis Report                   ; 5000               ; 5000               ;
; Number of Swept Nodes Reported in Synthesis Report                         ; 5000               ; 5000               ;
; Number of Inverted Registers Reported in Synthesis Report                  ; 100                ; 100                ;
; Clock MUX Protection                                                       ; On                 ; On                 ;
; Auto Gated Clock Conversion                                                ; Off                ; Off                ;
; Block Design Naming                                                        ; Auto               ; Auto               ;
; SDC constraint protection                                                  ; Off                ; Off                ;
; Synthesis Effort                                                           ; Auto               ; Auto               ;
; Shift Register Replacement - Allow Asynchronous Clear Signal               ; On                 ; On                 ;
; Pre-Mapping Resynthesis Optimization                                       ; Off                ; Off                ;
; Analysis & Synthesis Message Level                                         ; Medium             ; Medium             ;
; Disable Register Merging Across Hierarchies                                ; Auto               ; Auto               ;
; Resource Aware Inference For Block RAM                                     ; On                 ; On                 ;
; Synthesis Seed                                                             ; 1                  ; 1                  ;
+----------------------------------------------------------------------------+--------------------+--------------------+


+------------------------------------------+
; Parallel Compilation                     ;
+----------------------------+-------------+
; Processors                 ; Number      ;
+----------------------------+-------------+
; Number detected on machine ; 8           ;
; Maximum allowed            ; 4           ;
;                            ;             ;
; Average used               ; 1.00        ;
; Maximum used               ; 1           ;
;                            ;             ;
; Usage by Processor         ; % Time Used ;
;     Processor 1            ; 100.0%      ;
;     Processors 2-8         ;   0.0%      ;
+----------------------------+-------------+


+----------------------------------------------------------------------------------------------------------------------------------------------------------------+
; Analysis & Synthesis Source Files Read                                                                                                                         ;
+---------------------------------------+-----------------+------------------------------------+-------------------------------------------------------+---------+
; File Name with User-Entered Path      ; Used in Netlist ; File Type                          ; File Name with Absolute Path                          ; Library ;
+---------------------------------------+-----------------+------------------------------------+-------------------------------------------------------+---------+
; Display/Splitter.v                    ; yes             ; User Verilog HDL File              ; M:/ELEC473/IRDA/Display/Splitter.v                    ;         ;
; Display/Decode.v                      ; yes             ; User Verilog HDL File              ; M:/ELEC473/IRDA/Display/Decode.v                      ;         ;
; TransmitterSpecific/ShiftReg.v        ; yes             ; User Verilog HDL File              ; M:/ELEC473/IRDA/TransmitterSpecific/ShiftReg.v        ;         ;
; TransmitterSpecific/Parity.v          ; yes             ; User Verilog HDL File              ; M:/ELEC473/IRDA/TransmitterSpecific/Parity.v          ;         ;
; TransmitterSpecific/Controller.v      ; yes             ; User Verilog HDL File              ; M:/ELEC473/IRDA/TransmitterSpecific/Controller.v      ;         ;
; RecieverSpecific/ParityReceiver.v     ; yes             ; User Verilog HDL File              ; M:/ELEC473/IRDA/RecieverSpecific/ParityReceiver.v     ;         ;
; RecieverSpecific/DeShiftReg.v         ; yes             ; User Verilog HDL File              ; M:/ELEC473/IRDA/RecieverSpecific/DeShiftReg.v         ;         ;
; RecieverSpecific/ControllerReciever.v ; yes             ; User Verilog HDL File              ; M:/ELEC473/IRDA/RecieverSpecific/ControllerReciever.v ;         ;
; UART.bdf                              ; yes             ; User Block Diagram/Schematic File  ; M:/ELEC473/IRDA/UART.bdf                              ;         ;
; BitCounter.v                          ; yes             ; User Verilog HDL File              ; M:/ELEC473/IRDA/BitCounter.v                          ;         ;
; BaudCounter.v                         ; yes             ; User Verilog HDL File              ; M:/ELEC473/IRDA/BaudCounter.v                         ;         ;
; TransmitterSpecific/debouncer.v       ; yes             ; User Verilog HDL File              ; M:/ELEC473/IRDA/TransmitterSpecific/debouncer.v       ;         ;
; irdaTxD.v                             ; yes             ; User Verilog HDL File              ; M:/ELEC473/IRDA/irdaTxD.v                             ;         ;
+---------------------------------------+-----------------+------------------------------------+-------------------------------------------------------+---------+


+--------------------------------------------------------+
; Analysis & Synthesis Resource Usage Summary            ;
+---------------------------------------------+----------+
; Resource                                    ; Usage    ;
+---------------------------------------------+----------+
; Estimated Total logic elements              ; 154      ;
;                                             ;          ;
; Total combinational functions               ; 143      ;
; Logic element usage by number of LUT inputs ;          ;
;     -- 4 input functions                    ; 66       ;
;     -- 3 input functions                    ; 24       ;
;     -- <=2 input functions                  ; 53       ;
;                                             ;          ;
; Logic elements by mode                      ;          ;
;     -- normal mode                          ; 103      ;
;     -- arithmetic mode                      ; 40       ;
;                                             ;          ;
; Total registers                             ; 82       ;
;     -- Dedicated logic registers            ; 82       ;
;     -- I/O registers                        ; 0        ;
;                                             ;          ;
; I/O pins                                    ; 28       ;
; Embedded Multiplier 9-bit elements          ; 0        ;
; Maximum fan-out node                        ; CLOCK_50 ;
; Maximum fan-out                             ; 71       ;
; Total fan-out                               ; 719      ;
; Average fan-out                             ; 2.84     ;
+---------------------------------------------+----------+


+-------------------------------------------------------------------------------------------------------------------------------------------------------------------------------------------+
; Analysis & Synthesis Resource Utilization by Entity                                                                                                                                       ;
+-------------------------------+-------------------+--------------+-------------+--------------+---------+-----------+------+--------------+--------------------------------+--------------+
; Compilation Hierarchy Node    ; LC Combinationals ; LC Registers ; Memory Bits ; DSP Elements ; DSP 9x9 ; DSP 18x18 ; Pins ; Virtual Pins ; Full Hierarchy Name            ; Library Name ;
+-------------------------------+-------------------+--------------+-------------+--------------+---------+-----------+------+--------------+--------------------------------+--------------+
; |UART                         ; 143 (0)           ; 82 (0)       ; 0           ; 0            ; 0       ; 0         ; 28   ; 0            ; |UART                          ; work         ;
;    |BaudCounter:inst13|       ; 22 (22)           ; 11 (11)      ; 0           ; 0            ; 0       ; 0         ; 0    ; 0            ; |UART|BaudCounter:inst13       ; work         ;
;    |BaudCounter:inst14|       ; 19 (19)           ; 11 (11)      ; 0           ; 0            ; 0       ; 0         ; 0    ; 0            ; |UART|BaudCounter:inst14       ; work         ;
;    |BaudCounter:inst15|       ; 20 (20)           ; 11 (11)      ; 0           ; 0            ; 0       ; 0         ; 0    ; 0            ; |UART|BaudCounter:inst15       ; work         ;
;    |BaudCounter:inst5|        ; 21 (21)           ; 11 (11)      ; 0           ; 0            ; 0       ; 0         ; 0    ; 0            ; |UART|BaudCounter:inst5        ; work         ;
;    |BitCounter:inst12|        ; 6 (6)             ; 4 (4)        ; 0           ; 0            ; 0       ; 0         ; 0    ; 0            ; |UART|BitCounter:inst12        ; work         ;
;    |BitCounter:inst4|         ; 5 (5)             ; 4 (4)        ; 0           ; 0            ; 0       ; 0         ; 0    ; 0            ; |UART|BitCounter:inst4         ; work         ;
;    |Controller:inst|          ; 4 (4)             ; 1 (1)        ; 0           ; 0            ; 0       ; 0         ; 0    ; 0            ; |UART|Controller:inst          ; work         ;
;    |ControllerReciever:inst1| ; 8 (8)             ; 4 (4)        ; 0           ; 0            ; 0       ; 0         ; 0    ; 0            ; |UART|ControllerReciever:inst1 ; work         ;
;    |DeShiftReg:inst10|        ; 1 (1)             ; 11 (11)      ; 0           ; 0            ; 0       ; 0         ; 0    ; 0            ; |UART|DeShiftReg:inst10        ; work         ;
;    |Decode:inst8|             ; 7 (7)             ; 0 (0)        ; 0           ; 0            ; 0       ; 0         ; 0    ; 0            ; |UART|Decode:inst8             ; work         ;
;    |Decode:inst9|             ; 7 (7)             ; 0 (0)        ; 0           ; 0            ; 0       ; 0         ; 0    ; 0            ; |UART|Decode:inst9             ; work         ;
;    |Parity:inst3|             ; 2 (2)             ; 0 (0)        ; 0           ; 0            ; 0       ; 0         ; 0    ; 0            ; |UART|Parity:inst3             ; work         ;
;    |ParityReciever:inst6|     ; 4 (4)             ; 0 (0)        ; 0           ; 0            ; 0       ; 0         ; 0    ; 0            ; |UART|ParityReciever:inst6     ; work         ;
;    |ShiftReg:inst2|           ; 10 (10)           ; 9 (9)        ; 0           ; 0            ; 0       ; 0         ; 0    ; 0            ; |UART|ShiftReg:inst2           ; work         ;
;    |debouncer:inst11|         ; 3 (3)             ; 3 (3)        ; 0           ; 0            ; 0       ; 0         ; 0    ; 0            ; |UART|debouncer:inst11         ; work         ;
;    |irdaTxD:inst16|           ; 4 (4)             ; 2 (2)        ; 0           ; 0            ; 0       ; 0         ; 0    ; 0            ; |UART|irdaTxD:inst16           ; work         ;
+-------------------------------+-------------------+--------------+-------------+--------------+---------+-----------+------+--------------+--------------------------------+--------------+
Note: For table entries with two numbers listed, the numbers in parentheses indicate the number of resources of the given type used by the specific entity alone. The numbers listed outside of parentheses indicate the total resources of the given type used by the specific entity and all of its sub-entities in the hierarchy.


Encoding Type:  One-Hot
+-------------------------------------------------------------+
; State Machine - |UART|ControllerReciever:inst1|pstate       ;
+----------------+-------------+----------------+-------------+
; Name           ; pstate.Half ; pstate.Receive ; pstate.Wait ;
+----------------+-------------+----------------+-------------+
; pstate.Wait    ; 0           ; 0              ; 0           ;
; pstate.Half    ; 1           ; 0              ; 1           ;
; pstate.Receive ; 0           ; 1              ; 1           ;
+----------------+-------------+----------------+-------------+


Encoding Type:  One-Hot
+---------------------------------------------------------+
; State Machine - |UART|debouncer:inst11|pstate           ;
+--------------+-------------+-------------+--------------+
; Name         ; pstate.Hold ; pstate.Wait ; pstate.Pulse ;
+--------------+-------------+-------------+--------------+
; pstate.Hold  ; 0           ; 0           ; 0            ;
; pstate.Pulse ; 1           ; 0           ; 1            ;
; pstate.Wait  ; 1           ; 1           ; 0            ;
+--------------+-------------+-------------+--------------+


Encoding Type:  One-Hot
+---------------------------------------------------------+
; State Machine - |UART|irdaTxD:inst16|pstate             ;
+--------------+-------------+-------------+--------------+
; Name         ; pstate.Send ; pstate.Hold ; pstate.Delay ;
+--------------+-------------+-------------+--------------+
; pstate.Hold  ; 0           ; 0           ; 0            ;
; pstate.Send  ; 1           ; 1           ; 0            ;
; pstate.Delay ; 0           ; 1           ; 1            ;
+--------------+-------------+-------------+--------------+


+--------------------------------------------------------------------------------+
; Registers Removed During Synthesis                                             ;
+---------------------------------------+----------------------------------------+
; Register name                         ; Reason for Removal                     ;
+---------------------------------------+----------------------------------------+
; ShiftReg:inst2|p_val[9,10]            ; Stuck at VCC due to stuck port data_in ;
; irdaTxD:inst16|pstate.Delay           ; Lost fanout                            ;
; Total Number of Removed Registers = 3 ;                                        ;
+---------------------------------------+----------------------------------------+


+-----------------------------------------------------------------------------------------------+
; Removed Registers Triggering Further Register Optimizations                                   ;
+--------------------------+---------------------------+----------------------------------------+
; Register name            ; Reason for Removal        ; Registers Removed due to This Register ;
+--------------------------+---------------------------+----------------------------------------+
; ShiftReg:inst2|p_val[10] ; Stuck at VCC              ; ShiftReg:inst2|p_val[9]                ;
;                          ; due to stuck port data_in ;                                        ;
+--------------------------+---------------------------+----------------------------------------+


+------------------------------------------------------+
; General Register Statistics                          ;
+----------------------------------------------+-------+
; Statistic                                    ; Value ;
+----------------------------------------------+-------+
; Total registers                              ; 82    ;
; Number of registers using Synchronous Clear  ; 0     ;
; Number of registers using Synchronous Load   ; 0     ;
; Number of registers using Asynchronous Clear ; 82    ;
; Number of registers using Asynchronous Load  ; 0     ;
; Number of registers using Clock Enable       ; 20    ;
; Number of registers using Preset             ; 0     ;
+----------------------------------------------+-------+


+---------------------------------------------------+
; Inverted Register Statistics                      ;
+-----------------------------------------+---------+
; Inverted Register                       ; Fan out ;
+-----------------------------------------+---------+
; ShiftReg:inst2|p_val[0]                 ; 1       ;
; DeShiftReg:inst10|p_val[1]              ; 9       ;
; DeShiftReg:inst10|p_val[2]              ; 9       ;
; DeShiftReg:inst10|p_val[3]              ; 9       ;
; DeShiftReg:inst10|p_val[4]              ; 9       ;
; DeShiftReg:inst10|p_val[6]              ; 9       ;
; DeShiftReg:inst10|p_val[7]              ; 9       ;
; DeShiftReg:inst10|p_val[5]              ; 9       ;
; DeShiftReg:inst10|p_val[8]              ; 2       ;
; DeShiftReg:inst10|p_val[0]              ; 1       ;
; DeShiftReg:inst10|p_val[9]              ; 2       ;
; ShiftReg:inst2|p_val[1]                 ; 1       ;
; ShiftReg:inst2|p_val[2]                 ; 1       ;
; ControllerReciever:inst1|Recieving      ; 2       ;
; ShiftReg:inst2|p_val[3]                 ; 1       ;
; ShiftReg:inst2|p_val[4]                 ; 1       ;
; ShiftReg:inst2|p_val[5]                 ; 1       ;
; ShiftReg:inst2|p_val[6]                 ; 1       ;
; ShiftReg:inst2|p_val[7]                 ; 1       ;
; ShiftReg:inst2|p_val[8]                 ; 1       ;
; Total number of inverted registers = 20 ;         ;
+-----------------------------------------+---------+


+--------------------------------------------------------------------------------------------------------------------------------------------------------+
; Multiplexer Restructuring Statistics (Restructuring Performed)                                                                                         ;
+--------------------+-----------+---------------+----------------------+------------------------+------------+------------------------------------------+
; Multiplexer Inputs ; Bus Width ; Baseline Area ; Area if Restructured ; Saving if Restructured ; Registered ; Example Multiplexer Output               ;
+--------------------+-----------+---------------+----------------------+------------------------+------------+------------------------------------------+
; 3:1                ; 2 bits    ; 4 LEs         ; 2 LEs                ; 2 LEs                  ; Yes        ; |UART|ShiftReg:inst2|p_val[0]            ;
; 3:1                ; 8 bits    ; 16 LEs        ; 8 LEs                ; 8 LEs                  ; Yes        ; |UART|ShiftReg:inst2|p_val[1]            ;
; 6:1                ; 3 bits    ; 12 LEs        ; 6 LEs                ; 6 LEs                  ; No         ; |UART|ControllerReciever:inst1|Selector2 ;
; 6:1                ; 2 bits    ; 8 LEs         ; 4 LEs                ; 4 LEs                  ; No         ; |UART|irdaTxD:inst16|Selector0           ;
+--------------------+-----------+---------------+----------------------+------------------------+------------+------------------------------------------+


+-------------------------------------------------------------+
; Parameter Settings for User Entity Instance: irdaTxD:inst16 ;
+----------------+-------+------------------------------------+
; Parameter Name ; Value ; Type                               ;
+----------------+-------+------------------------------------+
; Delay          ; 11    ; Unsigned Binary                    ;
; Send           ; 10    ; Unsigned Binary                    ;
; Hold           ; 00    ; Unsigned Binary                    ;
+----------------+-------+------------------------------------+
Note: In order to hide this table in the UI and the text report file, please set the "Show Parameter Settings in Synthesis Report" option in "Analysis and Synthesis Settings -> More Settings" to "Off".


+--------------------------------------------------------------+
; Parameter Settings for User Entity Instance: Controller:inst ;
+----------------+-------+-------------------------------------+
; Parameter Name ; Value ; Type                                ;
+----------------+-------+-------------------------------------+
; hold           ; 0     ; Unsigned Binary                     ;
; sending        ; 1     ; Unsigned Binary                     ;
+----------------+-------+-------------------------------------+
Note: In order to hide this table in the UI and the text report file, please set the "Show Parameter Settings in Synthesis Report" option in "Analysis and Synthesis Settings -> More Settings" to "Off".


+---------------------------------------------------------------+
; Parameter Settings for User Entity Instance: BitCounter:inst4 ;
+----------------+-------+--------------------------------------+
; Parameter Name ; Value ; Type                                 ;
+----------------+-------+--------------------------------------+
; maxCount       ; 1011  ; Unsigned Binary                      ;
+----------------+-------+--------------------------------------+
Note: In order to hide this table in the UI and the text report file, please set the "Show Parameter Settings in Synthesis Report" option in "Analysis and Synthesis Settings -> More Settings" to "Off".


+----------------------------------------------------------------+
; Parameter Settings for User Entity Instance: BaudCounter:inst5 ;
+----------------+-------------+---------------------------------+
; Parameter Name ; Value       ; Type                            ;
+----------------+-------------+---------------------------------+
; maxCount       ; 10100010110 ; Unsigned Binary                 ;
+----------------+-------------+---------------------------------+
Note: In order to hide this table in the UI and the text report file, please set the "Show Parameter Settings in Synthesis Report" option in "Analysis and Synthesis Settings -> More Settings" to "Off".


+---------------------------------------------------------------+
; Parameter Settings for User Entity Instance: debouncer:inst11 ;
+----------------+-------+--------------------------------------+
; Parameter Name ; Value ; Type                                 ;
+----------------+-------+--------------------------------------+
; Hold           ; 00    ; Unsigned Binary                      ;
; Pulse          ; 01    ; Unsigned Binary                      ;
; Wait           ; 10    ; Unsigned Binary                      ;
+----------------+-------+--------------------------------------+
Note: In order to hide this table in the UI and the text report file, please set the "Show Parameter Settings in Synthesis Report" option in "Analysis and Synthesis Settings -> More Settings" to "Off".


+-----------------------------------------------------------------+
; Parameter Settings for User Entity Instance: BaudCounter:inst15 ;
+----------------+-------+----------------------------------------+
; Parameter Name ; Value ; Type                                   ;
+----------------+-------+----------------------------------------+
; maxCount       ; 240   ; Unsigned Integer                       ;
+----------------+-------+----------------------------------------+
Note: In order to hide this table in the UI and the text report file, please set the "Show Parameter Settings in Synthesis Report" option in "Analysis and Synthesis Settings -> More Settings" to "Off".


+-------------------------------------------------------------+
; Parameter Settings for User Entity Instance: ShiftReg:inst2 ;
+----------------+-------------+------------------------------+
; Parameter Name ; Value       ; Type                         ;
+----------------+-------------+------------------------------+
; defVal         ; 11111111111 ; Unsigned Binary              ;
+----------------+-------------+------------------------------+
Note: In order to hide this table in the UI and the text report file, please set the "Show Parameter Settings in Synthesis Report" option in "Analysis and Synthesis Settings -> More Settings" to "Off".


+-----------------------------------------------------------+
; Parameter Settings for User Entity Instance: Parity:inst3 ;
+----------------+-------+----------------------------------+
; Parameter Name ; Value ; Type                             ;
+----------------+-------+----------------------------------+
; startBit       ; 0     ; Unsigned Binary                  ;
; stopBit        ; 11    ; Unsigned Binary                  ;
+----------------+-------+----------------------------------+
Note: In order to hide this table in the UI and the text report file, please set the "Show Parameter Settings in Synthesis Report" option in "Analysis and Synthesis Settings -> More Settings" to "Off".


+----------------------------------------------------------------+
; Parameter Settings for User Entity Instance: DeShiftReg:inst10 ;
+----------------+-------------+---------------------------------+
; Parameter Name ; Value       ; Type                            ;
+----------------+-------------+---------------------------------+
; defVal         ; 01111111111 ; Unsigned Binary                 ;
+----------------+-------------+---------------------------------+
Note: In order to hide this table in the UI and the text report file, please set the "Show Parameter Settings in Synthesis Report" option in "Analysis and Synthesis Settings -> More Settings" to "Off".


+-----------------------------------------------------------------------+
; Parameter Settings for User Entity Instance: ControllerReciever:inst1 ;
+----------------+-------+----------------------------------------------+
; Parameter Name ; Value ; Type                                         ;
+----------------+-------+----------------------------------------------+
; Wait           ; 00    ; Unsigned Binary                              ;
; Half           ; 01    ; Unsigned Binary                              ;
; Receive        ; 11    ; Unsigned Binary                              ;
+----------------+-------+----------------------------------------------+
Note: In order to hide this table in the UI and the text report file, please set the "Show Parameter Settings in Synthesis Report" option in "Analysis and Synthesis Settings -> More Settings" to "Off".


+-----------------------------------------------------------------+
; Parameter Settings for User Entity Instance: BaudCounter:inst13 ;
+----------------+-------------+----------------------------------+
; Parameter Name ; Value       ; Type                             ;
+----------------+-------------+----------------------------------+
; maxCount       ; 10100010110 ; Unsigned Binary                  ;
+----------------+-------------+----------------------------------+
Note: In order to hide this table in the UI and the text report file, please set the "Show Parameter Settings in Synthesis Report" option in "Analysis and Synthesis Settings -> More Settings" to "Off".


+-----------------------------------------------------------------+
; Parameter Settings for User Entity Instance: BaudCounter:inst14 ;
+----------------+-------+----------------------------------------+
; Parameter Name ; Value ; Type                                   ;
+----------------+-------+----------------------------------------+
; maxCount       ; 60    ; Unsigned Integer                       ;
+----------------+-------+----------------------------------------+
Note: In order to hide this table in the UI and the text report file, please set the "Show Parameter Settings in Synthesis Report" option in "Analysis and Synthesis Settings -> More Settings" to "Off".


+----------------------------------------------------------------+
; Parameter Settings for User Entity Instance: BitCounter:inst12 ;
+----------------+-------+---------------------------------------+
; Parameter Name ; Value ; Type                                  ;
+----------------+-------+---------------------------------------+
; maxCount       ; 1011  ; Unsigned Binary                       ;
+----------------+-------+---------------------------------------+
Note: In order to hide this table in the UI and the text report file, please set the "Show Parameter Settings in Synthesis Report" option in "Analysis and Synthesis Settings -> More Settings" to "Off".


+-------------------------------+
; Elapsed Time Per Partition    ;
+----------------+--------------+
; Partition Name ; Elapsed Time ;
+----------------+--------------+
; Top            ; 00:00:00     ;
+----------------+--------------+


+-------------------------------+
; Analysis & Synthesis Messages ;
+-------------------------------+
Info: *******************************************************************
Info: Running Quartus II 64-Bit Analysis & Synthesis
    Info: Version 13.0.1 Build 232 06/12/2013 Service Pack 1 SJ Full Version
    Info: Processing started: Fri Nov 29 12:28:27 2019
Info: Command: quartus_map --read_settings_files=on --write_settings_files=off UART -c UART
Info (11104): Parallel Compilation has detected 8 hyper-threaded processors. However, the extra hyper-threaded processors will not be used by default. Parallel Compilation will use 4 of the 4 physical processors detected instead.
Info (12021): Found 1 design units, including 1 entities, in source file display/splitter.v
    Info (12023): Found entity 1: Splitter
Info (12021): Found 1 design units, including 1 entities, in source file display/decode.v
    Info (12023): Found entity 1: Decode
Info (12021): Found 1 design units, including 1 entities, in source file transmitterspecific/shiftreg.v
    Info (12023): Found entity 1: ShiftReg
Info (12021): Found 1 design units, including 1 entities, in source file transmitterspecific/parity.v
    Info (12023): Found entity 1: Parity
Info (12021): Found 1 design units, including 1 entities, in source file transmitterspecific/controller.v
    Info (12023): Found entity 1: Controller
Info (12021): Found 1 design units, including 1 entities, in source file recieverspecific/parityreceiver.v
    Info (12023): Found entity 1: ParityReciever
Info (12021): Found 1 design units, including 1 entities, in source file recieverspecific/deshiftreg.v
    Info (12023): Found entity 1: DeShiftReg
Info (12021): Found 1 design units, including 1 entities, in source file recieverspecific/controllerreciever.v
    Info (12023): Found entity 1: ControllerReciever
Info (12021): Found 1 design units, including 1 entities, in source file uart.bdf
    Info (12023): Found entity 1: UART
Info (12021): Found 1 design units, including 1 entities, in source file bitcounter.v
    Info (12023): Found entity 1: BitCounter
Info (12021): Found 1 design units, including 1 entities, in source file baudcounter.v
    Info (12023): Found entity 1: BaudCounter
Info (12021): Found 1 design units, including 1 entities, in source file transmitterspecific/debouncer.v
    Info (12023): Found entity 1: debouncer
Info (12021): Found 1 design units, including 1 entities, in source file irdatxd.v
    Info (12023): Found entity 1: irdaTxD
Info (12127): Elaborating entity "UART" for the top level hierarchy
Info (12128): Elaborating entity "irdaTxD" for hierarchy "irdaTxD:inst16"
Info (12128): Elaborating entity "Controller" for hierarchy "Controller:inst"
Info (12128): Elaborating entity "BitCounter" for hierarchy "BitCounter:inst4"
Info (12128): Elaborating entity "BaudCounter" for hierarchy "BaudCounter:inst5"
Info (12128): Elaborating entity "debouncer" for hierarchy "debouncer:inst11"
Warning (10235): Verilog HDL Always Construct warning at debouncer.v(28): variable "pstate" is read inside the Always Construct but isn't in the Always Construct's Event Control
Warning (10235): Verilog HDL Always Construct warning at debouncer.v(30): variable "pstate" is read inside the Always Construct but isn't in the Always Construct's Event Control
Info (12128): Elaborating entity "BaudCounter" for hierarchy "BaudCounter:inst15"
Info (12128): Elaborating entity "ShiftReg" for hierarchy "ShiftReg:inst2"
Warning (10235): Verilog HDL Always Construct warning at ShiftReg.v(26): variable "p_val" is read inside the Always Construct but isn't in the Always Construct's Event Control
Warning (10235): Verilog HDL Always Construct warning at ShiftReg.v(27): variable "p_val" is read inside the Always Construct but isn't in the Always Construct's Event Control
Warning (10235): Verilog HDL Always Construct warning at ShiftReg.v(30): variable "Data" is read inside the Always Construct but isn't in the Always Construct's Event Control
Warning (10235): Verilog HDL Always Construct warning at ShiftReg.v(33): variable "p_val" is read inside the Always Construct but isn't in the Always Construct's Event Control
Info (12128): Elaborating entity "Parity" for hierarchy "Parity:inst3"
Info (12128): Elaborating entity "Decode" for hierarchy "Decode:inst9"
Info (12128): Elaborating entity "Splitter" for hierarchy "Splitter:inst7"
Info (12128): Elaborating entity "ParityReciever" for hierarchy "ParityReciever:inst6"
Info (12128): Elaborating entity "DeShiftReg" for hierarchy "DeShiftReg:inst10"
Warning (10235): Verilog HDL Always Construct warning at DeShiftReg.v(22): variable "p_val" is read inside the Always Construct but isn't in the Always Construct's Event Control
Warning (10235): Verilog HDL Always Construct warning at DeShiftReg.v(23): variable "p_val" is read inside the Always Construct but isn't in the Always Construct's Event Control
Warning (10235): Verilog HDL Always Construct warning at DeShiftReg.v(26): variable "RxD" is read inside the Always Construct but isn't in the Always Construct's Event Control
Warning (10235): Verilog HDL Always Construct warning at DeShiftReg.v(26): variable "p_val" is read inside the Always Construct but isn't in the Always Construct's Event Control
Info (12128): Elaborating entity "ControllerReciever" for hierarchy "ControllerReciever:inst1"
Info (12128): Elaborating entity "BaudCounter" for hierarchy "BaudCounter:inst14"
Info (13000): Registers with preset signals will power-up high
Info (13003): DEV_CLRn pin will set, and not reset, register with preset signal due to NOT Gate Push-Back
Info (17049): 1 registers lost all their fanouts during netlist optimizations.
Info (16010): Generating hard_block partition "hard_block:auto_generated_inst"
    Info (16011): Adding 0 node(s), including 0 DDIO, 0 PLL, 0 transceiver and 0 LCELL
Info (21057): Implemented 182 device resources after synthesis - the final resource count might be different
    Info (21058): Implemented 11 input pins
    Info (21059): Implemented 17 output pins
    Info (21061): Implemented 154 logic cells
Info: Quartus II 64-Bit Analysis & Synthesis was successful. 0 errors, 10 warnings
    Info: Peak virtual memory: 4632 megabytes
    Info: Processing ended: Fri Nov 29 12:28:31 2019
    Info: Elapsed time: 00:00:04
    Info: Total CPU time (on all processors): 00:00:02


